{"total": {"lines":{"total":37,"covered":37,"skipped":0,"pct":100},"statements":{"total":45,"covered":43,"skipped":0,"pct":95.55},"functions":{"total":9,"covered":9,"skipped":0,"pct":100},"branches":{"total":36,"covered":32,"skipped":0,"pct":88.88},"branchesTrue":{"total":0,"covered":0,"skipped":0,"pct":100}}
,"/home/runner/work/artmart/artmart/app/hooks/useAuthStore.ts": {"lines":{"total":3,"covered":3,"skipped":0,"pct":100},"functions":{"total":3,"covered":3,"skipped":0,"pct":100},"statements":{"total":4,"covered":4,"skipped":0,"pct":100},"branches":{"total":0,"covered":0,"skipped":0,"pct":100}}
,"/home/runner/work/artmart/artmart/app/lib/checkout.ts": {"lines":{"total":28,"covered":28,"skipped":0,"pct":100},"functions":{"total":2,"covered":2,"skipped":0,"pct":100},"statements":{"total":35,"covered":33,"skipped":0,"pct":94.28},"branches":{"total":32,"covered":29,"skipped":0,"pct":90.62}}
,"/home/runner/work/artmart/artmart/app/lib/share.ts": {"lines":{"total":6,"covered":6,"skipped":0,"pct":100},"functions":{"total":4,"covered":4,"skipped":0,"pct":100},"statements":{"total":6,"covered":6,"skipped":0,"pct":100},"branches":{"total":4,"covered":3,"skipped":0,"pct":75}}
}
