{"/Users/tyschiff/artmart/app/lib/share.ts": {"path":"/Users/tyschiff/artmart/app/lib/share.ts","statementMap":{"0":{"start":{"line":12,"column":18},"end":{"line":12,"column":45}},"1":{"start":{"line":14,"column":14},"end":{"line":16,"column":null}},"2":{"start":{"line":17,"column":2},"end":{"line":17,"column":null}},"3":{"start":{"line":21,"column":2},"end":{"line":27,"column":null}},"4":{"start":{"line":31,"column":2},"end":{"line":35,"column":null}},"5":{"start":{"line":39,"column":2},"end":{"line":43,"column":null}}},"fnMap":{"0":{"name":"shareToWhatsApp","decl":{"start":{"line":11,"column":22},"end":{"line":11,"column":38}},"loc":{"start":{"line":11,"column":70},"end":{"line":17,"column":null}},"line":11},"1":{"name":"shareNative","decl":{"start":{"line":20,"column":22},"end":{"line":20,"column":34}},"loc":{"start":{"line":20,"column":72},"end":{"line":27,"column":null}},"line":20},"2":{"name":"buildPieceShareMessage","decl":{"start":{"line":30,"column":16},"end":{"line":30,"column":39}},"loc":{"start":{"line":30,"column":104},"end":{"line":35,"column":null}},"line":30},"3":{"name":"buildStoreShareMessage","decl":{"start":{"line":38,"column":16},"end":{"line":38,"column":39}},"loc":{"start":{"line":38,"column":86},"end":{"line":43,"column":null}},"line":38}},"branchMap":{"0":{"loc":{"start":{"line":14,"column":14},"end":{"line":16,"column":null}},"type":"cond-expr","locations":[{"start":{"line":15,"column":6},"end":{"line":15,"column":null}},{"start":{"line":16,"column":6},"end":{"line":16,"column":null}}],"line":14},"1":{"loc":{"start":{"line":23,"column":13},"end":{"line":25,"column":null}},"type":"cond-expr","locations":[{"start":{"line":24,"column":8},"end":{"line":24,"column":null}},{"start":{"line":25,"column":8},"end":{"line":25,"column":null}}],"line":23}},"s":{"0":2,"1":2,"2":2,"3":1,"4":1,"5":1},"f":{"0":2,"1":1,"2":1,"3":1},"b":{"0":[1,1],"1":[1,0]},"meta":{"lastBranch":2,"lastFunction":4,"lastStatement":6,"seen":{"f:11:22:11:38":0,"s:12:18:12:45":0,"s:14:14:16:Infinity":1,"b:15:6:15:Infinity:16:6:16:Infinity":0,"s:17:2:17:Infinity":2,"f:20:22:20:34":1,"s:21:2:27:Infinity":3,"b:24:8:24:Infinity:25:8:25:Infinity":1,"f:30:16:30:39":2,"s:31:2:35:Infinity":4,"f:38:16:38:39":3,"s:39:2:43:Infinity":5}}}
}
