{"/home/runner/work/artmart/artmart/app/hooks/useAuthStore.ts": {"path":"/home/runner/work/artmart/artmart/app/hooks/useAuthStore.ts","statementMap":{"0":{"start":{"line":11,"column":13},"end":{"line":16,"column":3}},"1":{"start":{"line":11,"column":56},"end":{"line":16,"column":3}},"2":{"start":{"line":14,"column":27},"end":{"line":14,"column":43}},"3":{"start":{"line":15,"column":21},"end":{"line":15,"column":null}}},"fnMap":{"0":{"name":"(anonymous_0)","decl":{"start":{"line":11,"column":28},"end":{"line":11,"column":47}},"loc":{"start":{"line":11,"column":56},"end":{"line":16,"column":3}},"line":11},"1":{"name":"(anonymous_1)","decl":{"start":{"line":14,"column":2},"end":{"line":14,"column":15}},"loc":{"start":{"line":14,"column":27},"end":{"line":14,"column":43}},"line":14},"2":{"name":"(anonymous_2)","decl":{"start":{"line":15,"column":2},"end":{"line":15,"column":21}},"loc":{"start":{"line":15,"column":21},"end":{"line":15,"column":null}},"line":15}},"branchMap":{},"s":{"0":1,"1":1,"2":4,"3":1},"f":{"0":1,"1":4,"2":1},"b":{},"meta":{"lastBranch":0,"lastFunction":3,"lastStatement":4,"seen":{"s:11:13:16:3":0,"f:11:28:11:47":0,"s:11:56:16:3":1,"f:14:2:14:15":1,"s:14:27:14:43":2,"f:15:2:15:21":2,"s:15:21:15:Infinity":3}}}
,"/home/runner/work/artmart/artmart/app/lib/checkout.ts": {"path":"/home/runner/work/artmart/artmart/app/lib/checkout.ts","statementMap":{"0":{"start":{"line":5,"column":21},"end":{"line":5,"column":42}},"1":{"start":{"line":6,"column":18},"end":{"line":6,"column":65}},"2":{"start":{"line":6,"column":35},"end":{"line":6,"column":53}},"3":{"start":{"line":7,"column":2},"end":{"line":20,"column":null}},"4":{"start":{"line":8,"column":16},"end":{"line":8,"column":75}},"5":{"start":{"line":9,"column":4},"end":{"line":9,"column":null}},"6":{"start":{"line":10,"column":4},"end":{"line":10,"column":null}},"7":{"start":{"line":12,"column":4},"end":{"line":12,"column":null}},"8":{"start":{"line":13,"column":4},"end":{"line":14,"column":null}},"9":{"start":{"line":14,"column":6},"end":{"line":14,"column":null}},"10":{"start":{"line":17,"column":4},"end":{"line":18,"column":null}},"11":{"start":{"line":18,"column":6},"end":{"line":18,"column":null}},"12":{"start":{"line":20,"column":4},"end":{"line":20,"column":null}},"13":{"start":{"line":34,"column":2},"end":{"line":52,"column":null}},"14":{"start":{"line":35,"column":33},"end":{"line":36,"column":null}},"15":{"start":{"line":38,"column":4},"end":{"line":39,"column":null}},"16":{"start":{"line":39,"column":6},"end":{"line":39,"column":null}},"17":{"start":{"line":42,"column":4},"end":{"line":50,"column":null}},"18":{"start":{"line":50,"column":17},"end":{"line":50,"column":75}},"19":{"start":{"line":52,"column":4},"end":{"line":52,"column":null}},"20":{"start":{"line":66,"column":31},"end":{"line":67,"column":null}},"21":{"start":{"line":69,"column":2},"end":{"line":70,"column":null}},"22":{"start":{"line":70,"column":4},"end":{"line":70,"column":null}},"23":{"start":{"line":73,"column":14},"end":{"line":87,"column":null}},"24":{"start":{"line":90,"column":2},"end":{"line":92,"column":null}},"25":{"start":{"line":91,"column":17},"end":{"line":91,"column":33}},"26":{"start":{"line":92,"column":4},"end":{"line":92,"column":null}},"27":{"start":{"line":95,"column":15},"end":{"line":95,"column":31}},"28":{"start":{"line":96,"column":2},"end":{"line":96,"column":null}},"29":{"start":{"line":96,"column":18},"end":{"line":96,"column":null}},"30":{"start":{"line":97,"column":2},"end":{"line":97,"column":null}},"31":{"start":{"line":97,"column":27},"end":{"line":97,"column":null}},"32":{"start":{"line":99,"column":31},"end":{"line":103,"column":4}},"33":{"start":{"line":104,"column":2},"end":{"line":104,"column":null}},"34":{"start":{"line":104,"column":17},"end":{"line":104,"column":null}},"35":{"start":{"line":106,"column":34},"end":{"line":106,"column":61}},"36":{"start":{"line":107,"column":2},"end":{"line":120,"column":null}},"37":{"start":{"line":108,"column":4},"end":{"line":108,"column":null}},"38":{"start":{"line":108,"column":42},"end":{"line":108,"column":null}},"39":{"start":{"line":111,"column":30},"end":{"line":111,"column":null}},"40":{"start":{"line":112,"column":4},"end":{"line":118,"column":null}},"41":{"start":{"line":120,"column":4},"end":{"line":120,"column":null}},"42":{"start":{"line":125,"column":14},"end":{"line":134,"column":null}},"43":{"start":{"line":137,"column":2},"end":{"line":139,"column":null}},"44":{"start":{"line":138,"column":17},"end":{"line":138,"column":33}},"45":{"start":{"line":139,"column":4},"end":{"line":139,"column":null}},"46":{"start":{"line":142,"column":15},"end":{"line":142,"column":31}},"47":{"start":{"line":143,"column":2},"end":{"line":143,"column":null}},"48":{"start":{"line":143,"column":18},"end":{"line":143,"column":null}},"49":{"start":{"line":145,"column":31},"end":{"line":149,"column":4}},"50":{"start":{"line":150,"column":2},"end":{"line":150,"column":null}},"51":{"start":{"line":150,"column":17},"end":{"line":150,"column":null}},"52":{"start":{"line":152,"column":34},"end":{"line":152,"column":61}},"53":{"start":{"line":153,"column":2},"end":{"line":165,"column":null}},"54":{"start":{"line":154,"column":4},"end":{"line":154,"column":null}},"55":{"start":{"line":154,"column":42},"end":{"line":154,"column":null}},"56":{"start":{"line":157,"column":30},"end":{"line":157,"column":null}},"57":{"start":{"line":158,"column":4},"end":{"line":163,"column":null}},"58":{"start":{"line":165,"column":4},"end":{"line":165,"column":null}}},"fnMap":{"0":{"name":"fetchWithTimeout","decl":{"start":{"line":4,"column":15},"end":{"line":4,"column":32}},"loc":{"start":{"line":4,"column":86},"end":{"line":20,"column":null}},"line":4},"1":{"name":"(anonymous_1)","decl":{"start":{"line":6,"column":18},"end":{"line":6,"column":35}},"loc":{"start":{"line":6,"column":35},"end":{"line":6,"column":53}},"line":6},"2":{"name":"logCheckoutError","decl":{"start":{"line":24,"column":15},"end":{"line":24,"column":null}},"loc":{"start":{"line":33,"column":2},"end":{"line":52,"column":null}},"line":33},"3":{"name":"(anonymous_3)","decl":{"start":{"line":50,"column":6},"end":{"line":50,"column":12}},"loc":{"start":{"line":50,"column":17},"end":{"line":50,"column":75}},"line":50},"4":{"name":"purchasePiece","decl":{"start":{"line":56,"column":22},"end":{"line":56,"column":null}},"loc":{"start":{"line":65,"column":17},"end":{"line":120,"column":null}},"line":65},"5":{"name":"purchaseCredits","decl":{"start":{"line":124,"column":22},"end":{"line":124,"column":38}},"loc":{"start":{"line":124,"column":89},"end":{"line":165,"column":null}},"line":124}},"branchMap":{"0":{"loc":{"start":{"line":4,"column":67},"end":{"line":4,"column":86}},"type":"default-arg","locations":[{"start":{"line":4,"column":79},"end":{"line":4,"column":86}}],"line":4},"1":{"loc":{"start":{"line":13,"column":4},"end":{"line":14,"column":null}},"type":"if","locations":[{"start":{"line":13,"column":4},"end":{"line":14,"column":null}},{"start":{},"end":{}}],"line":13},"2":{"loc":{"start":{"line":17,"column":4},"end":{"line":18,"column":null}},"type":"if","locations":[{"start":{"line":17,"column":4},"end":{"line":18,"column":null}},{"start":{},"end":{}}],"line":17},"3":{"loc":{"start":{"line":38,"column":4},"end":{"line":39,"column":null}},"type":"if","locations":[{"start":{"line":38,"column":4},"end":{"line":39,"column":null}},{"start":{},"end":{}}],"line":38},"4":{"loc":{"start":{"line":64,"column":2},"end":{"line":64,"column":null}},"type":"default-arg","locations":[{"start":{"line":64,"column":21},"end":{"line":64,"column":null}}],"line":64},"5":{"loc":{"start":{"line":69,"column":2},"end":{"line":70,"column":null}},"type":"if","locations":[{"start":{"line":69,"column":2},"end":{"line":70,"column":null}},{"start":{},"end":{}}],"line":69},"6":{"loc":{"start":{"line":81,"column":26},"end":{"line":81,"column":null}},"type":"binary-expr","locations":[{"start":{"line":81,"column":26},"end":{"line":81,"column":45}},{"start":{"line":81,"column":45},"end":{"line":81,"column":null}}],"line":81},"7":{"loc":{"start":{"line":82,"column":21},"end":{"line":82,"column":null}},"type":"binary-expr","locations":[{"start":{"line":82,"column":21},"end":{"line":82,"column":35}},{"start":{"line":82,"column":35},"end":{"line":82,"column":null}}],"line":82},"8":{"loc":{"start":{"line":83,"column":25},"end":{"line":83,"column":null}},"type":"binary-expr","locations":[{"start":{"line":83,"column":25},"end":{"line":83,"column":43}},{"start":{"line":83,"column":43},"end":{"line":83,"column":null}}],"line":83},"9":{"loc":{"start":{"line":84,"column":22},"end":{"line":84,"column":null}},"type":"binary-expr","locations":[{"start":{"line":84,"column":22},"end":{"line":84,"column":37}},{"start":{"line":84,"column":37},"end":{"line":84,"column":null}}],"line":84},"10":{"loc":{"start":{"line":90,"column":2},"end":{"line":92,"column":null}},"type":"if","locations":[{"start":{"line":90,"column":2},"end":{"line":92,"column":null}},{"start":{},"end":{}}],"line":90},"11":{"loc":{"start":{"line":96,"column":2},"end":{"line":96,"column":null}},"type":"if","locations":[{"start":{"line":96,"column":2},"end":{"line":96,"column":null}},{"start":{},"end":{}}],"line":96},"12":{"loc":{"start":{"line":97,"column":2},"end":{"line":97,"column":null}},"type":"if","locations":[{"start":{"line":97,"column":2},"end":{"line":97,"column":null}},{"start":{},"end":{}}],"line":97},"13":{"loc":{"start":{"line":104,"column":2},"end":{"line":104,"column":null}},"type":"if","locations":[{"start":{"line":104,"column":2},"end":{"line":104,"column":null}},{"start":{},"end":{}}],"line":104},"14":{"loc":{"start":{"line":107,"column":2},"end":{"line":120,"column":null}},"type":"if","locations":[{"start":{"line":107,"column":2},"end":{"line":120,"column":null}},{"start":{},"end":{}}],"line":107},"15":{"loc":{"start":{"line":108,"column":4},"end":{"line":108,"column":null}},"type":"if","locations":[{"start":{"line":108,"column":4},"end":{"line":108,"column":null}},{"start":{},"end":{}}],"line":108},"16":{"loc":{"start":{"line":133,"column":12},"end":{"line":133,"column":null}},"type":"cond-expr","locations":[{"start":{"line":133,"column":21},"end":{"line":133,"column":47}},{"start":{"line":133,"column":50},"end":{"line":133,"column":null}}],"line":133},"17":{"loc":{"start":{"line":137,"column":2},"end":{"line":139,"column":null}},"type":"if","locations":[{"start":{"line":137,"column":2},"end":{"line":139,"column":null}},{"start":{},"end":{}}],"line":137},"18":{"loc":{"start":{"line":143,"column":2},"end":{"line":143,"column":null}},"type":"if","locations":[{"start":{"line":143,"column":2},"end":{"line":143,"column":null}},{"start":{},"end":{}}],"line":143},"19":{"loc":{"start":{"line":150,"column":2},"end":{"line":150,"column":null}},"type":"if","locations":[{"start":{"line":150,"column":2},"end":{"line":150,"column":null}},{"start":{},"end":{}}],"line":150},"20":{"loc":{"start":{"line":153,"column":2},"end":{"line":165,"column":null}},"type":"if","locations":[{"start":{"line":153,"column":2},"end":{"line":165,"column":null}},{"start":{},"end":{}}],"line":153},"21":{"loc":{"start":{"line":154,"column":4},"end":{"line":154,"column":null}},"type":"if","locations":[{"start":{"line":154,"column":4},"end":{"line":154,"column":null}},{"start":{},"end":{}}],"line":154}},"s":{"0":15,"1":15,"2":0,"3":15,"4":15,"5":13,"6":13,"7":2,"8":2,"9":1,"10":1,"11":1,"12":0,"13":2,"14":2,"15":2,"16":1,"17":2,"18":0,"19":0,"20":8,"21":8,"22":2,"23":8,"24":6,"25":1,"26":1,"27":5,"28":5,"29":0,"30":5,"31":5,"32":5,"33":5,"34":1,"35":4,"36":4,"37":2,"38":1,"39":1,"40":1,"41":1,"42":5,"43":5,"44":1,"45":1,"46":4,"47":4,"48":1,"49":3,"50":3,"51":0,"52":3,"53":3,"54":2,"55":1,"56":1,"57":1,"58":1},"f":{"0":15,"1":0,"2":2,"3":0,"4":8,"5":5},"b":{"0":[15],"1":[1,1],"2":[1,0],"3":[1,1],"4":[8],"5":[2,6],"6":[8,8],"7":[8,8],"8":[8,8],"9":[8,8],"10":[1,5],"11":[0,5],"12":[0,5],"13":[1,4],"14":[2,2],"15":[1,1],"16":[0,5],"17":[1,4],"18":[1,3],"19":[0,3],"20":[2,1],"21":[1,1]},"meta":{"lastBranch":22,"lastFunction":6,"lastStatement":59,"seen":{"f:4:15:4:32":0,"b:4:79:4:86":0,"s:5:21:5:42":0,"s:6:18:6:65":1,"f:6:18:6:35":1,"s:6:35:6:53":2,"s:7:2:20:Infinity":3,"s:8:16:8:75":4,"s:9:4:9:Infinity":5,"s:10:4:10:Infinity":6,"s:12:4:12:Infinity":7,"b:13:4:14:Infinity:undefined:undefined:undefined:undefined":1,"s:13:4:14:Infinity":8,"s:14:6:14:Infinity":9,"b:17:4:18:Infinity:undefined:undefined:undefined:undefined":2,"s:17:4:18:Infinity":10,"s:18:6:18:Infinity":11,"s:20:4:20:Infinity":12,"f:24:15:24:Infinity":2,"s:34:2:52:Infinity":13,"s:35:33:36:Infinity":14,"b:38:4:39:Infinity:undefined:undefined:undefined:undefined":3,"s:38:4:39:Infinity":15,"s:39:6:39:Infinity":16,"s:42:4:50:Infinity":17,"f:50:6:50:12":3,"s:50:17:50:75":18,"s:52:4:52:Infinity":19,"f:56:22:56:Infinity":4,"b:64:21:64:Infinity":4,"s:66:31:67:Infinity":20,"b:69:2:70:Infinity:undefined:undefined:undefined:undefined":5,"s:69:2:70:Infinity":21,"s:70:4:70:Infinity":22,"s:73:14:87:Infinity":23,"b:81:26:81:45:81:45:81:Infinity":6,"b:82:21:82:35:82:35:82:Infinity":7,"b:83:25:83:43:83:43:83:Infinity":8,"b:84:22:84:37:84:37:84:Infinity":9,"b:90:2:92:Infinity:undefined:undefined:undefined:undefined":10,"s:90:2:92:Infinity":24,"s:91:17:91:33":25,"s:92:4:92:Infinity":26,"s:95:15:95:31":27,"b:96:2:96:Infinity:undefined:undefined:undefined:undefined":11,"s:96:2:96:Infinity":28,"s:96:18:96:Infinity":29,"b:97:2:97:Infinity:undefined:undefined:undefined:undefined":12,"s:97:2:97:Infinity":30,"s:97:27:97:Infinity":31,"s:99:31:103:4":32,"b:104:2:104:Infinity:undefined:undefined:undefined:undefined":13,"s:104:2:104:Infinity":33,"s:104:17:104:Infinity":34,"s:106:34:106:61":35,"b:107:2:120:Infinity:undefined:undefined:undefined:undefined":14,"s:107:2:120:Infinity":36,"b:108:4:108:Infinity:undefined:undefined:undefined:undefined":15,"s:108:4:108:Infinity":37,"s:108:42:108:Infinity":38,"s:111:30:111:Infinity":39,"s:112:4:118:Infinity":40,"s:120:4:120:Infinity":41,"f:124:22:124:38":5,"s:125:14:134:Infinity":42,"b:133:21:133:47:133:50:133:Infinity":16,"b:137:2:139:Infinity:undefined:undefined:undefined:undefined":17,"s:137:2:139:Infinity":43,"s:138:17:138:33":44,"s:139:4:139:Infinity":45,"s:142:15:142:31":46,"b:143:2:143:Infinity:undefined:undefined:undefined:undefined":18,"s:143:2:143:Infinity":47,"s:143:18:143:Infinity":48,"s:145:31:149:4":49,"b:150:2:150:Infinity:undefined:undefined:undefined:undefined":19,"s:150:2:150:Infinity":50,"s:150:17:150:Infinity":51,"s:152:34:152:61":52,"b:153:2:165:Infinity:undefined:undefined:undefined:undefined":20,"s:153:2:165:Infinity":53,"b:154:4:154:Infinity:undefined:undefined:undefined:undefined":21,"s:154:4:154:Infinity":54,"s:154:42:154:Infinity":55,"s:157:30:157:Infinity":56,"s:158:4:163:Infinity":57,"s:165:4:165:Infinity":58}}}
,"/home/runner/work/artmart/artmart/app/lib/download.ts": {"path":"/home/runner/work/artmart/artmart/app/lib/download.ts","statementMap":{"0":{"start":{"line":6,"column":32},"end":{"line":6,"column":64}},"1":{"start":{"line":7,"column":2},"end":{"line":7,"column":null}},"2":{"start":{"line":7,"column":16},"end":{"line":7,"column":null}},"3":{"start":{"line":9,"column":14},"end":{"line":18,"column":null}},"4":{"start":{"line":21,"column":34},"end":{"line":21,"column":50}},"5":{"start":{"line":22,"column":2},"end":{"line":22,"column":null}},"6":{"start":{"line":22,"column":13},"end":{"line":22,"column":null}},"7":{"start":{"line":24,"column":2},"end":{"line":26,"column":null}},"8":{"start":{"line":25,"column":4},"end":{"line":25,"column":null}},"9":{"start":{"line":26,"column":4},"end":{"line":26,"column":null}},"10":{"start":{"line":29,"column":2},"end":{"line":35,"column":null}},"11":{"start":{"line":30,"column":20},"end":{"line":30,"column":null}},"12":{"start":{"line":31,"column":24},"end":{"line":31,"column":77}},"13":{"start":{"line":32,"column":4},"end":{"line":32,"column":null}},"14":{"start":{"line":34,"column":4},"end":{"line":34,"column":null}},"15":{"start":{"line":35,"column":4},"end":{"line":35,"column":null}}},"fnMap":{"0":{"name":"downloadPiece","decl":{"start":{"line":5,"column":22},"end":{"line":5,"column":36}},"loc":{"start":{"line":5,"column":68},"end":{"line":35,"column":null}},"line":5}},"branchMap":{"0":{"loc":{"start":{"line":7,"column":2},"end":{"line":7,"column":null}},"type":"if","locations":[{"start":{"line":7,"column":2},"end":{"line":7,"column":null}},{"start":{},"end":{}}],"line":7},"1":{"loc":{"start":{"line":22,"column":2},"end":{"line":22,"column":null}},"type":"if","locations":[{"start":{"line":22,"column":2},"end":{"line":22,"column":null}},{"start":{},"end":{}}],"line":22},"2":{"loc":{"start":{"line":24,"column":2},"end":{"line":26,"column":null}},"type":"if","locations":[{"start":{"line":24,"column":2},"end":{"line":26,"column":null}},{"start":{},"end":{}}],"line":24},"3":{"loc":{"start":{"line":35,"column":34},"end":{"line":35,"column":74}},"type":"binary-expr","locations":[{"start":{"line":35,"column":34},"end":{"line":35,"column":47}},{"start":{"line":35,"column":47},"end":{"line":35,"column":74}}],"line":35}},"s":{"0":5,"1":5,"2":1,"3":4,"4":4,"5":4,"6":1,"7":3,"8":1,"9":1,"10":2,"11":2,"12":2,"13":1,"14":1,"15":1},"f":{"0":5},"b":{"0":[1,4],"1":[1,3],"2":[1,2],"3":[1,0]},"meta":{"lastBranch":4,"lastFunction":1,"lastStatement":16,"seen":{"f:5:22:5:36":0,"s:6:32:6:64":0,"b:7:2:7:Infinity:undefined:undefined:undefined:undefined":0,"s:7:2:7:Infinity":1,"s:7:16:7:Infinity":2,"s:9:14:18:Infinity":3,"s:21:34:21:50":4,"b:22:2:22:Infinity:undefined:undefined:undefined:undefined":1,"s:22:2:22:Infinity":5,"s:22:13:22:Infinity":6,"b:24:2:26:Infinity:undefined:undefined:undefined:undefined":2,"s:24:2:26:Infinity":7,"s:25:4:25:Infinity":8,"s:26:4:26:Infinity":9,"s:29:2:35:Infinity":10,"s:30:20:30:Infinity":11,"s:31:24:31:77":12,"s:32:4:32:Infinity":13,"s:34:4:34:Infinity":14,"s:35:4:35:Infinity":15,"b:35:34:35:47:35:47:35:74":3}}}
,"/home/runner/work/artmart/artmart/app/lib/share.ts": {"path":"/home/runner/work/artmart/artmart/app/lib/share.ts","statementMap":{"0":{"start":{"line":12,"column":18},"end":{"line":12,"column":45}},"1":{"start":{"line":14,"column":14},"end":{"line":16,"column":null}},"2":{"start":{"line":17,"column":2},"end":{"line":17,"column":null}},"3":{"start":{"line":21,"column":2},"end":{"line":27,"column":null}},"4":{"start":{"line":31,"column":2},"end":{"line":35,"column":null}},"5":{"start":{"line":39,"column":2},"end":{"line":43,"column":null}}},"fnMap":{"0":{"name":"shareToWhatsApp","decl":{"start":{"line":11,"column":22},"end":{"line":11,"column":38}},"loc":{"start":{"line":11,"column":70},"end":{"line":17,"column":null}},"line":11},"1":{"name":"shareNative","decl":{"start":{"line":20,"column":22},"end":{"line":20,"column":34}},"loc":{"start":{"line":20,"column":72},"end":{"line":27,"column":null}},"line":20},"2":{"name":"buildPieceShareMessage","decl":{"start":{"line":30,"column":16},"end":{"line":30,"column":39}},"loc":{"start":{"line":30,"column":104},"end":{"line":35,"column":null}},"line":30},"3":{"name":"buildStoreShareMessage","decl":{"start":{"line":38,"column":16},"end":{"line":38,"column":39}},"loc":{"start":{"line":38,"column":86},"end":{"line":43,"column":null}},"line":38}},"branchMap":{"0":{"loc":{"start":{"line":14,"column":14},"end":{"line":16,"column":null}},"type":"cond-expr","locations":[{"start":{"line":15,"column":6},"end":{"line":15,"column":null}},{"start":{"line":16,"column":6},"end":{"line":16,"column":null}}],"line":14},"1":{"loc":{"start":{"line":23,"column":13},"end":{"line":25,"column":null}},"type":"cond-expr","locations":[{"start":{"line":24,"column":8},"end":{"line":24,"column":null}},{"start":{"line":25,"column":8},"end":{"line":25,"column":null}}],"line":23}},"s":{"0":2,"1":2,"2":2,"3":1,"4":1,"5":1},"f":{"0":2,"1":1,"2":1,"3":1},"b":{"0":[1,1],"1":[1,0]},"meta":{"lastBranch":2,"lastFunction":4,"lastStatement":6,"seen":{"f:11:22:11:38":0,"s:12:18:12:45":0,"s:14:14:16:Infinity":1,"b:15:6:15:Infinity:16:6:16:Infinity":0,"s:17:2:17:Infinity":2,"f:20:22:20:34":1,"s:21:2:27:Infinity":3,"b:24:8:24:Infinity:25:8:25:Infinity":1,"f:30:16:30:39":2,"s:31:2:35:Infinity":4,"f:38:16:38:39":3,"s:39:2:43:Infinity":5}}}
}
